<?xml version="1.0" encoding="UTF-8"?>
<!-- Generated by org.testng.reporters.JUnitReportReporter -->
<testsuite hostname="Parthiban" failures="0" tests="3" name="api.test.DDTests" time="1.727" errors="0" timestamp="2023-02-24T10:30:27 IST" skipped="0">
  <testcase classname="api.test.DDTests" name="testPostStudent" time="0.045"/>
  <system-out/>
  <testcase classname="api.test.DDTests" name="testPostStudent" time="1.638"/>
  <system-out/>
  <testcase classname="api.test.DDTests" name="testPostStudent" time="0.044"/>
  <system-out/>
</testsuite> <!-- api.test.DDTests -->
