<?xml version="1.0" encoding="UTF-8"?>
<!-- Generated by org.testng.reporters.JUnitReportReporter -->
<testsuite hostname="Parthiban" failures="0" tests="4" name="api.test.StudentTests" time="1.897" errors="0" timestamp="2023-02-24T17:05:41 IST" skipped="0">
  <testcase classname="api.test.StudentTests" name="testCreateStudent" time="1.781"/>
  <system-out/>
  <testcase classname="api.test.StudentTests" name="testGetStudentByID" time="0.057"/>
  <system-out/>
  <testcase classname="api.test.StudentTests" name="testUpdateStudentByID" time="0.028"/>
  <system-out/>
  <testcase classname="api.test.StudentTests" name="testDeleteStudentByID" time="0.031"/>
  <system-out/>
</testsuite> <!-- api.test.StudentTests -->
