<?xml version="1.0" encoding="UTF-8"?>
<!-- Generated by org.testng.reporters.JUnitReportReporter -->
<testsuite hostname="Parthiban" failures="0" tests="4" name="api.test.StudentTests2" time="2.134" errors="0" timestamp="2023-02-24T17:25:22 IST" skipped="0">
  <testcase classname="api.test.StudentTests2" name="testCreateStudent" time="1.950"/>
  <system-out/>
  <testcase classname="api.test.StudentTests2" name="testGetStudent" time="0.081"/>
  <system-out/>
  <testcase classname="api.test.StudentTests2" name="testUpdateStudent" time="0.045"/>
  <system-out/>
  <testcase classname="api.test.StudentTests2" name="testDeleteStudent" time="0.058"/>
  <system-out/>
</testsuite> <!-- api.test.StudentTests2 -->
