<?xml version="1.0" encoding="UTF-8"?>
<!-- Generated by org.testng.reporters.JUnitReportReporter -->
<testsuite hostname="Parthiban" failures="0" tests="4" name="api.test.StudentTests2" time="2.021" errors="0" timestamp="2023-02-27T09:44:52 IST" skipped="0">
  <testcase classname="api.test.StudentTests2" name="testCreateStudent" time="1.800"/>
  <system-out/>
  <testcase classname="api.test.StudentTests2" name="testGetStudent" time="0.100"/>
  <system-out/>
  <testcase classname="api.test.StudentTests2" name="testUpdateStudent" time="0.060"/>
  <system-out/>
  <testcase classname="api.test.StudentTests2" name="testDeleteStudent" time="0.061"/>
  <system-out/>
</testsuite> <!-- api.test.StudentTests2 -->
